<?xml version="1.0" encoding="UTF-8"?>
<!-- Generated by org.testng.reporters.JUnitXMLReporter -->
<testsuite ignored="0" hostname="MSI" failures="2" tests="2" name="Test" time="0.042" errors="0" timestamp="2023-08-07T16:13:13 ICT">
  <testcase classname="tests.LoginTests" name="Test2" time="0.01">
    <failure type="java.lang.NullPointerException" message="Cannot invoke &amp;quot;PageObject.VideosPage.OpenPage()&amp;quot; because &amp;quot;this.videosPage&amp;quot; is null">
      <![CDATA[java.lang.NullPointerException: Cannot invoke "PageObject.VideosPage.OpenPage()" because "this.videosPage" is null
at tests.LoginTests.Test2(LoginTests.java:53)
at java.base/java.util.ArrayList.forEach(ArrayList.java:1511)
... Removed 25 stack frames]]>
    </failure>
  </testcase> <!-- Test2 -->
  <testcase classname="tests.LoginTests" name="VerifyErrorMessageIfLoginWithInvalidCreds" time="0.001">
    <failure type="java.lang.NullPointerException" message="Cannot invoke &amp;quot;PageObject.HomePage.ClickOnVideoTutorial()&amp;quot; because &amp;quot;this.homePage&amp;quot; is null">
      <![CDATA[java.lang.NullPointerException: Cannot invoke "PageObject.HomePage.ClickOnVideoTutorial()" because "this.homePage" is null
at tests.LoginTests.VerifyErrorMessageIfLoginWithInvalidCreds(LoginTests.java:36)
at java.base/java.util.ArrayList.forEach(ArrayList.java:1511)
... Removed 25 stack frames]]>
    </failure>
  </testcase> <!-- VerifyErrorMessageIfLoginWithInvalidCreds -->
</testsuite> <!-- Test -->
